<?xml version="1.0" encoding="UTF-8"?>
<testsuite name="MinesweeperAppTest" tests="2" skipped="0" failures="0" errors="0" timestamp="2025-05-06T14:48:31" hostname="m3mathumithagmailcoms-MacBook-Pro.local" time="0.023">
  <properties/>
  <testcase name="testRevealMineEndsGame" classname="MinesweeperAppTest" time="0.022"/>
  <testcase name="testWinCondition" classname="MinesweeperAppTest" time="0.0"/>
  <system-out><![CDATA[]]></system-out>
  <system-err><![CDATA[]]></system-err>
</testsuite>
